<?xml version="1.0" encoding="UTF-8"?>
<testsuite xmlns:xsi="http://www.w3.org/2001/XMLSchema-instance" xsi:noNamespaceSchemaLocation="https://maven.apache.org/surefire/maven-surefire-plugin/xsd/surefire-test-report-3.0.xsd" version="3.0" name="com.devops.HelloControllerTest" time="11.571" tests="1" errors="0" skipped="0" failures="0">
  <properties>
[...]
</properties>
  <testcase name="testHelloEndpoint" classname="com.devops.HelloControllerTest" time="2.878">
    <system-out><![CDATA[11:30:50.011 [main] INFO org.springframework.test.context.support.AnnotationConfigContextLoaderUtils -- Could not detect default configuration classes for test class [com.devops.HelloControllerTest]: HelloControllerTest does not declare any static, non-private, non-final, nested classes annotated with @Configuration.
11:30:50.480 [main] INFO org.springframework.boot.test.context.SpringBootTestContextBootstrapper -- Found @SpringBootConfiguration com.devops.Application for test class com.devops.HelloControllerTest

  .   ____          _            __ _ _
 /\\ / ___'_ __ _ _(_)_ __  __ _ \ \ \ \
( ( )\___ | '_ | '_| | '_ \/ _` | \ \ \ \
 \\/  ___)| |_)| | | | | || (_| |  ) ) ) )
  '  |____| .__|_| |_|_| |_\__, | / / / /
 =========|_|==============|___/=/_/_/_/
 :: Spring Boot ::                (v3.2.5)

2026-03-31T11:30:52.097+05:30  INFO 148348 --- [           main] com.devops.HelloControllerTest           : Starting HelloControllerTest using Java 21.0.10 with PID 148348 (started by vimal-p in /home/vimal-p/Documents/NEC/Projects/Devops/Kubernetes/Devops-Maven/devops)
2026-03-31T11:30:52.105+05:30  INFO 148348 --- [           main] com.devops.HelloControllerTest           : No active profile set, falling back to 1 default profile: "default"
2026-03-31T11:30:55.972+05:30  INFO 148348 --- [           main] o.s.b.w.embedded.tomcat.TomcatWebServer  : Tomcat initialized with port 0 (http)
2026-03-31T11:30:56.027+05:30  INFO 148348 --- [           main] o.apache.catalina.core.StandardService   : Starting service [Tomcat]
2026-03-31T11:30:56.028+05:30  INFO 148348 --- [           main] o.apache.catalina.core.StandardEngine    : Starting Servlet engine: [Apache Tomcat/10.1.20]
2026-03-31T11:30:56.372+05:30  INFO 148348 --- [           main] o.a.c.c.C.[Tomcat].[localhost].[/]       : Initializing Spring embedded WebApplicationContext
2026-03-31T11:30:56.385+05:30  INFO 148348 --- [           main] w.s.c.ServletWebServerApplicationContext : Root WebApplicationContext: initialization completed in 4138 ms
2026-03-31T11:30:57.913+05:30  INFO 148348 --- [           main] o.s.b.w.embedded.tomcat.TomcatWebServer  : Tomcat started on port 42231 (http) with context path ''
2026-03-31T11:30:57.946+05:30  INFO 148348 --- [           main] com.devops.HelloControllerTest           : Started HelloControllerTest in 7.009 seconds (process running for 10.815)
2026-03-31T11:31:00.506+05:30  INFO 148348 --- [o-auto-1-exec-1] o.a.c.c.C.[Tomcat].[localhost].[/]       : Initializing Spring DispatcherServlet 'dispatcherServlet'
2026-03-31T11:31:00.506+05:30  INFO 148348 --- [o-auto-1-exec-1] o.s.web.servlet.DispatcherServlet        : Initializing Servlet 'dispatcherServlet'
2026-03-31T11:31:00.512+05:30  INFO 148348 --- [o-auto-1-exec-1] o.s.web.servlet.DispatcherServlet        : Completed initialization in 4 ms
]]></system-out>
    <system-err><![CDATA[WARNING: A Java agent has been loaded dynamically (/home/vimal-p/.m2/repository/net/bytebuddy/byte-buddy-agent/1.14.13/byte-buddy-agent-1.14.13.jar)
WARNING: If a serviceability tool is in use, please run with -XX:+EnableDynamicAgentLoading to hide this warning
WARNING: If a serviceability tool is not in use, please run with -Djdk.instrument.traceUsage for more information
WARNING: Dynamic loading of agents will be disallowed by default in a future release
]]></system-err>
  </testcase>
</testsuite>